DiagnosticsPlugin.exe Information: 0 : [4/24/2017 4:20:50 PM] Starting DiagnosticPlugin.exe DiagnosticPlugin-ShutdownEvent DiagnosticPlugin-TotalShutdownEvent -wadVer1v5
DiagnosticsPlugin.exe Error: 0 : [4/24/2017 4:20:50 PM] Failed to save IIS Directory state
DiagnosticsPlugin.exe Error: 0 : [4/24/2017 4:20:50 PM] System.Runtime.InteropServices.COMException (0x80040154): Retrieving the COM class factory for component with CLSID {2B72133B-3F5B-4602-8952-803546CE3344} failed due to the following error: 80040154 Class not registered (Exception from HRESULT: 0x80040154 (REGDB_E_CLASSNOTREG)).
   at System.Runtime.Remoting.RemotingServices.AllocateUninitializedObject(RuntimeType objectType)
   at System.Runtime.Remoting.Activation.ActivationServices.CreateInstance(RuntimeType serverType)
   at System.Runtime.Remoting.Activation.ActivationServices.IsCurrentContextOK(RuntimeType serverType, Object[] props, Boolean bNewObj)
   at System.RuntimeTypeHandle.CreateInstance(RuntimeType type, Boolean publicOnly, Boolean noCheck, Boolean& canBeCached, RuntimeMethodHandleInternal& ctor, Boolean& bNeedSecurityCheck)
   at System.RuntimeType.CreateInstanceSlow(Boolean publicOnly, Boolean skipCheckThis, Boolean fillCache, StackCrawlMark& stackMark)
   at System.Activator.CreateInstance[T]()
   at Microsoft.Web.Administration.ConfigurationManager.CreateAdminManager[TClass,TInterface](WebConfigurationMap webConfigMap, Boolean isAdminConfig)
   at Microsoft.Web.Administration.ConfigurationManager.CreateConfiguration(WebConfigurationMap configMap, String configPathToEdit, Boolean isAdminConfig)
   at Microsoft.Web.Administration.ConfigurationManager.GetConfiguration(String rawConfigurationPath, String cacheKey, Boolean isAdminConfig)
   at Microsoft.Web.Administration.ServerManager.get_SitesSection()
   at Microsoft.Web.Administration.ServerManager.get_Sites()
   at Microsoft.Azure.Plugins.Plugin.DiagnosticsPluginManager.SaveIISDirectoryState()
DiagnosticsPlugin.exe Information: 0 : [4/24/2017 4:20:50 PM] Starting DiagnosticsPlugin
DiagnosticsPlugin.exe Information: 0 : [4/24/2017 4:20:50 PM] Emulator config file set to C:\Projects\CentralisedList\CentralisedListClient\CentralisedListClient\csx\Debug\roles\CentralisedListClientRole\approot\diagnostics.wadcfgx
DiagnosticsPlugin.exe Information: 0 : [4/24/2017 4:20:50 PM] DiagnosticsStoreRootPath set to: C:\Users\mdoconnor\AppData\Local\dftmp\Resources\6205624b-c607-4603-88c3-81301e9dcbd5
DiagnosticsPlugin.exe Information: 0 : [4/24/2017 4:20:50 PM] Loading config file: C:\Projects\CentralisedList\CentralisedListClient\CentralisedListClient\csx\Debug\roles\CentralisedListClientRole\approot\diagnostics.wadcfgx
DiagnosticsPlugin.exe Information: 0 : [4/24/2017 4:20:50 PM] Config file to read: C:\Projects\CentralisedList\CentralisedListClient\CentralisedListClient\csx\Debug\roles\CentralisedListClientRole\approot\diagnostics.wadcfgx
DiagnosticsPlugin.exe Information: 0 : [4/24/2017 4:20:50 PM] Checking VM Type
DiagnosticsPlugin.exe Information: 0 : [4/24/2017 4:20:50 PM] Emulator config file set to C:\Projects\CentralisedList\CentralisedListClient\CentralisedListClient\csx\Debug\roles\CentralisedListClientRole\approot\diagnostics.wadcfgx
DiagnosticsPlugin.exe Information: 0 : [4/24/2017 4:20:50 PM] Extension set to Emulator Mode
DiagnosticsPlugin.exe Information: 0 : [4/24/2017 4:20:50 PM] Reading XML configuration file
DiagnosticsPlugin.exe Information: 0 : [4/24/2017 4:20:50 PM] Bypassing private config decryption
DiagnosticsPlugin.exe Information: 0 : [4/24/2017 4:20:50 PM] WadCfg is provided in initial configuration. Using that to initialize Diagnostics.
DiagnosticsPlugin.exe Information: 0 : [4/24/2017 4:20:50 PM] <PublicConfig xmlns="http://schemas.microsoft.com/ServiceHosting/2010/10/DiagnosticsConfiguration">
  <WadCfg>
    <DiagnosticMonitorConfiguration overallQuotaInMB="4096">
      <DiagnosticInfrastructureLogs scheduledTransferLogLevelFilter="Error" />
      <Logs scheduledTransferPeriod="PT1M" scheduledTransferLogLevelFilter="Error" />
      <Directories scheduledTransferPeriod="PT1M">
        <IISLogs containerName="wad-iis-logfiles" />
        <FailedRequestLogs containerName="wad-failedrequestlogs" />
      </Directories>
      <WindowsEventLog scheduledTransferPeriod="PT1M">
        <DataSource name="Application!*[System[(Level=1 or Level=2 or Level=3)]]" />
        <DataSource name="Windows Azure!*[System[(Level=1 or Level=2 or Level=3 or Level=4)]]" />
      </WindowsEventLog>
      <CrashDumps containerName="wad-crashdumps" dumpType="Mini">
        <CrashDumpConfiguration processName="WaIISHost.exe" />
        <CrashDumpConfiguration processName="WaWorkerHost.exe" />
        <CrashDumpConfiguration processName="w3wp.exe" />
      </CrashDumps>
      <PerformanceCounters scheduledTransferPeriod="PT1M">
        <PerformanceCounterConfiguration counterSpecifier="\Memory\Available MBytes" sampleRate="PT3M" />
        <PerformanceCounterConfiguration counterSpecifier="\Web Service(_Total)\ISAPI Extension Requests/sec" sampleRate="PT3M" />
        <PerformanceCounterConfiguration counterSpecifier="\Web Service(_Total)\Bytes Total/Sec" sampleRate="PT3M" />
        <PerformanceCounterConfiguration counterSpecifier="\ASP.NET Applications(__Total__)\Requests/Sec" sampleRate="PT3M" />
        <PerformanceCounterConfiguration counterSpecifier="\ASP.NET Applications(__Total__)\Errors Total/Sec" sampleRate="PT3M" />
        <PerformanceCounterConfiguration counterSpecifier="\ASP.NET\Requests Queued" sampleRate="PT3M" />
        <PerformanceCounterConfiguration counterSpecifier="\ASP.NET\Requests Rejected" sampleRate="PT3M" />
        <PerformanceCounterConfiguration counterSpecifier="\Processor(_Total)\% Processor Time" sampleRate="PT3M" />
      </PerformanceCounters>
    </DiagnosticMonitorConfiguration>
  </WadCfg>
  <StorageAccount>devstoreaccount1</StorageAccount>
</PublicConfig>
DiagnosticsPlugin.exe Information: 0 : [4/24/2017 4:20:50 PM] Private setting is loaded
DiagnosticsPlugin.exe Information: 0 : [4/24/2017 4:20:50 PM] Is config json/xml loaded
DiagnosticsPlugin.exe Information: 0 : [4/24/2017 4:20:50 PM] Checking if configuration needs to be fetched from the storage account and doing so if needed.
DiagnosticsPlugin.exe Information: 0 : [4/24/2017 4:20:51 PM] Successfully created checkpoint file C:\Users\mdoconnor\AppData\Local\dftmp\Resources\6205624b-c607-4603-88c3-81301e9dcbd5\WAD0105\Configuration\Checkpoint.txt
DiagnosticsPlugin.exe Information: 0 : [4/24/2017 4:20:51 PM] Will use local resource directory C:\Users\mdoconnor\AppData\Local\dftmp\Resources\6205624b-c607-4603-88c3-81301e9dcbd5\WAD0105
DiagnosticsPlugin.exe Information: 0 : [4/24/2017 4:20:51 PM] Will use endpoint https://core.windows.net for storage.
DiagnosticsPlugin.exe Information: 0 : [4/24/2017 4:20:51 PM] Exception in creating the ServerManager; is IIS installed?
 Error:System.Runtime.InteropServices.COMException (0x80040154): Retrieving the COM class factory for component with CLSID {2B72133B-3F5B-4602-8952-803546CE3344} failed due to the following error: 80040154 Class not registered (Exception from HRESULT: 0x80040154 (REGDB_E_CLASSNOTREG)).
   at System.Runtime.Remoting.RemotingServices.AllocateUninitializedObject(RuntimeType objectType)
   at System.Runtime.Remoting.Activation.ActivationServices.CreateInstance(RuntimeType serverType)
   at System.Runtime.Remoting.Activation.ActivationServices.IsCurrentContextOK(RuntimeType serverType, Object[] props, Boolean bNewObj)
   at System.RuntimeTypeHandle.CreateInstance(RuntimeType type, Boolean publicOnly, Boolean noCheck, Boolean& canBeCached, RuntimeMethodHandleInternal& ctor, Boolean& bNeedSecurityCheck)
   at System.RuntimeType.CreateInstanceSlow(Boolean publicOnly, Boolean skipCheckThis, Boolean fillCache, StackCrawlMark& stackMark)
   at System.Activator.CreateInstance[T]()
   at Microsoft.Web.Administration.ConfigurationManager.CreateAdminManager[TClass,TInterface](WebConfigurationMap webConfigMap, Boolean isAdminConfig)
   at Microsoft.Web.Administration.ConfigurationManager.CreateConfiguration(WebConfigurationMap configMap, String configPathToEdit, Boolean isAdminConfig)
   at Microsoft.Web.Administration.ConfigurationManager.GetConfiguration(String rawConfigurationPath, String cacheKey, Boolean isAdminConfig)
   at Microsoft.Web.Administration.ServerManager.get_SitesSection()
   at Microsoft.Web.Administration.ServerManager.get_Sites()
   at Microsoft.Azure.Plugins.Plugin.WadConfigProcessor.AddDirectories(EventsType mdsEvents, Directories wadDirectories)
DiagnosticsPlugin.exe Information: 0 : [4/24/2017 4:20:51 PM] Running in emulator mode, crash dumps not enabled
DiagnosticsPlugin.exe Information: 0 : [4/24/2017 4:20:51 PM] Checking to see if Application Insights extension needs to be configured.
DiagnosticsPlugin.exe Information: 0 : [4/24/2017 4:20:52 PM] In emulator mode and using devstore updating XStoreAccount info, command line args: -LocalPath "C:\Users\mdoconnor\AppData\Local\dftmp\Resources\6205624b-c607-4603-88c3-81301e9dcbd5\WAD0105"  -ConfigFile "C:\Users\mdoconnor\AppData\Local\dftmp\Resources\6205624b-c607-4603-88c3-81301e9dcbd5\WAD0105\Configuration\MaConfig.xml" -ShutDownEvent WADDM-ShutDown-f0e2240461ad4a7d87a8e7a34263060e  -TotalShutDownEvent WADDM-TotalShutDown-f0e2240461ad4a7d87a8e7a34263060e -InitializedEvent WADM-StartUp-f0e2240461ad4a7d87a8e7a34263060e -parent 8244 -events -wadVer1v5 -UseProxyServer -XStoreAccounts WadAccount#true#devstoreaccount1#Eby8vdM02xNOcqFlqUwJPLlmEtlCDXJ1OUzFT50uSRZ6IFsuFq2UVErCz4I6tq/K1SZFPTOtr/KBHBeksoGMGw==#http://127.0.0.1:10002#http://127.0.0.1:10001#http://127.0.0.1:10000
DiagnosticsPlugin.exe Error: 0 : [4/24/2017 4:21:22 PM] Microsoft.Cis.Monitoring.Query.QueryException: ErrorFail
   at Microsoft.Cis.Monitoring.Query.QueryLocalTable..ctor(String TableName, String TablePath)
   at ApplicationInsightsExtension.MATableReader.ReadTableRecords(String tableName, String tablePath, DateTime startTime, DateTime endTime)
   at Microsoft.Azure.Plugins.Diagnostics.dll.MAStatusWriter.UpdateStatusReport(Object sender, ElapsedEventArgs e)
DiagnosticsPlugin.exe Information: 0 : [4/24/2017 4:21:52 PM] MonAgentHost.exe started
DiagnosticsPlugin.exe Information: 0 : [4/24/2017 4:21:52 PM] DiagnoticsPlugin started.
DiagnosticsPlugin.exe Information: 0 : [4/24/2017 4:21:52 PM] DiagnoticsPlugin now waiting on events "DiagnosticPlugin-ShutdownEvent", "DiagnosticPlugin-TotalShutdownEvent" or "DiagnosticPlugin-RestartEvent".
DiagnosticsPlugin.exe Error: 0 : [4/24/2017 4:21:52 PM] Microsoft.Cis.Monitoring.Query.QueryException: ErrorFail
   at Microsoft.Cis.Monitoring.Query.QueryLocalTable..ctor(String TableName, String TablePath)
   at ApplicationInsightsExtension.MATableReader.ReadTableRecords(String tableName, String tablePath, DateTime startTime, DateTime endTime)
   at Microsoft.Azure.Plugins.Diagnostics.dll.MAStatusWriter.UpdateStatusReport(Object sender, ElapsedEventArgs e)
DiagnosticsPlugin.exe Error: 0 : [4/24/2017 4:22:22 PM] Microsoft.Cis.Monitoring.Query.QueryException: ErrorFail
   at Microsoft.Cis.Monitoring.Query.QueryLocalTable..ctor(String TableName, String TablePath)
   at ApplicationInsightsExtension.MATableReader.ReadTableRecords(String tableName, String tablePath, DateTime startTime, DateTime endTime)
   at Microsoft.Azure.Plugins.Diagnostics.dll.MAStatusWriter.UpdateStatusReport(Object sender, ElapsedEventArgs e)
DiagnosticsPlugin.exe Information: 0 : [4/24/2017 4:22:50 PM] Failed to update IIS Directory state in directory monitor
Retrieving the COM class factory for component with CLSID {2B72133B-3F5B-4602-8952-803546CE3344} failed due to the following error: 80040154 Class not registered (Exception from HRESULT: 0x80040154 (REGDB_E_CLASSNOTREG)).
DiagnosticsPlugin.exe Error: 0 : [4/24/2017 4:22:52 PM] Microsoft.Cis.Monitoring.Query.QueryException: ErrorFail
   at Microsoft.Cis.Monitoring.Query.QueryLocalTable..ctor(String TableName, String TablePath)
   at ApplicationInsightsExtension.MATableReader.ReadTableRecords(String tableName, String tablePath, DateTime startTime, DateTime endTime)
   at Microsoft.Azure.Plugins.Diagnostics.dll.MAStatusWriter.UpdateStatusReport(Object sender, ElapsedEventArgs e)
DiagnosticsPlugin.exe Error: 0 : [4/24/2017 4:23:22 PM] Microsoft.Cis.Monitoring.Query.QueryException: ErrorFail
   at Microsoft.Cis.Monitoring.Query.QueryLocalTable..ctor(String TableName, String TablePath)
   at ApplicationInsightsExtension.MATableReader.ReadTableRecords(String tableName, String tablePath, DateTime startTime, DateTime endTime)
   at Microsoft.Azure.Plugins.Diagnostics.dll.MAStatusWriter.UpdateStatusReport(Object sender, ElapsedEventArgs e)
DiagnosticsPlugin.exe Error: 0 : [4/24/2017 4:23:52 PM] Microsoft.Cis.Monitoring.Query.QueryException: ErrorFail
   at Microsoft.Cis.Monitoring.Query.QueryLocalTable..ctor(String TableName, String TablePath)
   at ApplicationInsightsExtension.MATableReader.ReadTableRecords(String tableName, String tablePath, DateTime startTime, DateTime endTime)
   at Microsoft.Azure.Plugins.Diagnostics.dll.MAStatusWriter.UpdateStatusReport(Object sender, ElapsedEventArgs e)
DiagnosticsPlugin.exe Information: 0 : [4/24/2017 4:23:59 PM] Total shutdown event signaled.
